<?xml version="1.0" encoding="UTF-8"?>
<!-- Generated by org.testng.reporters.JUnitReportReporter -->
<testsuite hostname="DESKTOP-819HTQ9" failures="0" tests="1" name="qa.test.POSTAPITest" time="1.562" errors="0" timestamp="2021-12-06T14:33:14 IST" skipped="0">
  <testcase classname="qa.test.POSTAPITest" name="PostapiTest" time="1.562"/>
  <system-out/>
</testsuite> <!-- qa.test.POSTAPITest -->
